#
# There is insufficient memory for the Java Runtime Environment to continue.
# Native memory allocation (mmap) failed to map 357892096 bytes for committing reserved memory.
# Possible reasons:
#   The system is out of physical RAM or swap space
#   In 32 bit mode, the process size limit was hit
# Possible solutions:
#   Reduce memory load on the system
#   Increase physical memory or swap space
#   Check if swap backing store is full
#   Use 64 bit Java on a 64 bit OS
#   Decrease Java heap size (-Xmx/-Xms)
#   Decrease number of Java threads
#   Decrease Java thread stack sizes (-Xss)
#   Set larger code cache with -XX:ReservedCodeCacheSize=
# This output file may be truncated or incomplete.
#
#  Out of Memory Error (os_linux.cpp:2630), pid=31936, tid=0x00007f3e84103700
#
# JRE version:  (8.0_111-b14) (build )
# Java VM: OpenJDK 64-Bit Server VM (25.111-b14 mixed mode linux-amd64 compressed oops)
# Failed to write core dump. Core dumps have been disabled. To enable core dumping, try "ulimit -c unlimited" before starting Java again
#

---------------  T H R E A D  ---------------

Current thread (0x00007f3e7c00a000):  JavaThread "Unknown thread" [_thread_in_vm, id=31937, stack(0x00007f3e84003000,0x00007f3e84104000)]

Stack: [0x00007f3e84003000,0x00007f3e84104000],  sp=0x00007f3e841025a0,  free space=1021k
Native frames: (J=compiled Java code, j=interpreted, Vv=VM code, C=native code)
V  [libjvm.so+0x9fd2bd]
V  [libjvm.so+0x4bd82a]
V  [libjvm.so+0x860280]
V  [libjvm.so+0x85ad7f]
V  [libjvm.so+0x9fa174]
V  [libjvm.so+0x5a81b3]
V  [libjvm.so+0x4c5376]
V  [libjvm.so+0x5a93e3]
V  [libjvm.so+0x599d28]
V  [libjvm.so+0x9c6c19]
V  [libjvm.so+0x9c6e13]
V  [libjvm.so+0x5e7bc5]
V  [libjvm.so+0x9aa7e3]
V  [libjvm.so+0x655b62]  JNI_CreateJavaVM+0x52
C  [libjli.so+0x2f08]
C  [libjli.so+0x724d]
C  [libpthread.so.0+0x8184]  start_thread+0xc4


---------------  P R O C E S S  ---------------

Java Threads: ( => current thread )

Other Threads:

=>0x00007f3e7c00a000 (exited) JavaThread "Unknown thread" [_thread_in_vm, id=31937, stack(0x00007f3e84003000,0x00007f3e84104000)]

VM state:not at safepoint (not fully initialized)

VM Mutex/Monitor currently owned by a thread: None

GC Heap History (0 events):
No events

Deoptimization events (0 events):
No events

Internal exceptions (0 events):
No events

Events (0 events):
No events


Dynamic libraries:
00400000-00401000 r-xp 00000000 ca:01 151246                             /usr/lib/jvm/java-8-openjdk-amd64/jre/bin/java
00600000-00601000 r--p 00000000 ca:01 151246                             /usr/lib/jvm/java-8-openjdk-amd64/jre/bin/java
00601000-00602000 rw-p 00001000 ca:01 151246                             /usr/lib/jvm/java-8-openjdk-amd64/jre/bin/java
01cd5000-01cf6000 rw-p 00000000 00:00 0                                  [heap]
b7950000-100000000 ---p 00000000 00:00 0 
7f3e6d000000-7f3e6d270000 rwxp 00000000 00:00 0 
7f3e6d270000-7f3e7c000000 ---p 00000000 00:00 0 
7f3e7c000000-7f3e7c02e000 rw-p 00000000 00:00 0 
7f3e7c02e000-7f3e80000000 ---p 00000000 00:00 0 
7f3e8049c000-7f3e8078a000 ---p 00000000 00:00 0 
7f3e8078a000-7f3e80795000 rw-p 00000000 00:00 0 
7f3e80795000-7f3e80b4b000 ---p 00000000 00:00 0 
7f3e80b4b000-7f3e80b53000 r-xp 00000000 ca:01 142048                     /usr/lib/jvm/java-8-openjdk-amd64/jre/lib/amd64/libzip.so
7f3e80b53000-7f3e80d52000 ---p 00008000 ca:01 142048                     /usr/lib/jvm/java-8-openjdk-amd64/jre/lib/amd64/libzip.so
7f3e80d52000-7f3e80d53000 r--p 00007000 ca:01 142048                     /usr/lib/jvm/java-8-openjdk-amd64/jre/lib/amd64/libzip.so
7f3e80d53000-7f3e80d54000 rw-p 00008000 ca:01 142048                     /usr/lib/jvm/java-8-openjdk-amd64/jre/lib/amd64/libzip.so
7f3e80d54000-7f3e80d5e000 r-xp 00000000 ca:01 398398                     /lib/x86_64-linux-gnu/libnss_files-2.19.so
7f3e80d5e000-7f3e80f5d000 ---p 0000a000 ca:01 398398                     /lib/x86_64-linux-gnu/libnss_files-2.19.so
7f3e80f5d000-7f3e80f5e000 r--p 00009000 ca:01 398398                     /lib/x86_64-linux-gnu/libnss_files-2.19.so
7f3e80f5e000-7f3e80f5f000 rw-p 0000a000 ca:01 398398                     /lib/x86_64-linux-gnu/libnss_files-2.19.so
7f3e80f5f000-7f3e80f6a000 r-xp 00000000 ca:01 398283                     /lib/x86_64-linux-gnu/libnss_nis-2.19.so
7f3e80f6a000-7f3e81169000 ---p 0000b000 ca:01 398283                     /lib/x86_64-linux-gnu/libnss_nis-2.19.so
7f3e81169000-7f3e8116a000 r--p 0000a000 ca:01 398283                     /lib/x86_64-linux-gnu/libnss_nis-2.19.so
7f3e8116a000-7f3e8116b000 rw-p 0000b000 ca:01 398283                     /lib/x86_64-linux-gnu/libnss_nis-2.19.so
7f3e8116b000-7f3e81182000 r-xp 00000000 ca:01 398319                     /lib/x86_64-linux-gnu/libnsl-2.19.so
7f3e81182000-7f3e81381000 ---p 00017000 ca:01 398319                     /lib/x86_64-linux-gnu/libnsl-2.19.so
7f3e81381000-7f3e81382000 r--p 00016000 ca:01 398319                     /lib/x86_64-linux-gnu/libnsl-2.19.so
7f3e81382000-7f3e81383000 rw-p 00017000 ca:01 398319                     /lib/x86_64-linux-gnu/libnsl-2.19.so
7f3e81383000-7f3e81385000 rw-p 00000000 00:00 0 
7f3e81385000-7f3e8138e000 r-xp 00000000 ca:01 398311                     /lib/x86_64-linux-gnu/libnss_compat-2.19.so
7f3e8138e000-7f3e8158d000 ---p 00009000 ca:01 398311                     /lib/x86_64-linux-gnu/libnss_compat-2.19.so
7f3e8158d000-7f3e8158e000 r--p 00008000 ca:01 398311                     /lib/x86_64-linux-gnu/libnss_compat-2.19.so
7f3e8158e000-7f3e8158f000 rw-p 00009000 ca:01 398311                     /lib/x86_64-linux-gnu/libnss_compat-2.19.so
7f3e8158f000-7f3e815bc000 r-xp 00000000 ca:01 142060                     /usr/lib/jvm/java-8-openjdk-amd64/jre/lib/amd64/libjava.so
7f3e815bc000-7f3e817bb000 ---p 0002d000 ca:01 142060                     /usr/lib/jvm/java-8-openjdk-amd64/jre/lib/amd64/libjava.so
7f3e817bb000-7f3e817bc000 r--p 0002c000 ca:01 142060                     /usr/lib/jvm/java-8-openjdk-amd64/jre/lib/amd64/libjava.so
7f3e817bc000-7f3e817be000 rw-p 0002d000 ca:01 142060                     /usr/lib/jvm/java-8-openjdk-amd64/jre/lib/amd64/libjava.so
7f3e817be000-7f3e817ce000 r-xp 00000000 ca:01 142035                     /usr/lib/jvm/java-8-openjdk-amd64/jre/lib/amd64/libverify.so
7f3e817ce000-7f3e819cd000 ---p 00010000 ca:01 142035                     /usr/lib/jvm/java-8-openjdk-amd64/jre/lib/amd64/libverify.so
7f3e819cd000-7f3e819cf000 r--p 0000f000 ca:01 142035                     /usr/lib/jvm/java-8-openjdk-amd64/jre/lib/amd64/libverify.so
7f3e819cf000-7f3e819d0000 rw-p 00011000 ca:01 142035                     /usr/lib/jvm/java-8-openjdk-amd64/jre/lib/amd64/libverify.so
7f3e819d0000-7f3e819d7000 r-xp 00000000 ca:01 395919                     /lib/x86_64-linux-gnu/librt-2.19.so
7f3e819d7000-7f3e81bd6000 ---p 00007000 ca:01 395919                     /lib/x86_64-linux-gnu/librt-2.19.so
7f3e81bd6000-7f3e81bd7000 r--p 00006000 ca:01 395919                     /lib/x86_64-linux-gnu/librt-2.19.so
7f3e81bd7000-7f3e81bd8000 rw-p 00007000 ca:01 395919                     /lib/x86_64-linux-gnu/librt-2.19.so
7f3e81bd8000-7f3e81bee000 r-xp 00000000 ca:01 395114                     /lib/x86_64-linux-gnu/libgcc_s.so.1
7f3e81bee000-7f3e81ded000 ---p 00016000 ca:01 395114                     /lib/x86_64-linux-gnu/libgcc_s.so.1
7f3e81ded000-7f3e81dee000 rw-p 00015000 ca:01 395114                     /lib/x86_64-linux-gnu/libgcc_s.so.1
7f3e81dee000-7f3e81ef3000 r-xp 00000000 ca:01 398388                     /lib/x86_64-linux-gnu/libm-2.19.so
7f3e81ef3000-7f3e820f2000 ---p 00105000 ca:01 398388                     /lib/x86_64-linux-gnu/libm-2.19.so
7f3e820f2000-7f3e820f3000 r--p 00104000 ca:01 398388                     /lib/x86_64-linux-gnu/libm-2.19.so
7f3e820f3000-7f3e820f4000 rw-p 00105000 ca:01 398388                     /lib/x86_64-linux-gnu/libm-2.19.so
7f3e820f4000-7f3e821da000 r-xp 00000000 ca:01 8352                       /usr/lib/x86_64-linux-gnu/libstdc++.so.6.0.19
7f3e821da000-7f3e823d9000 ---p 000e6000 ca:01 8352                       /usr/lib/x86_64-linux-gnu/libstdc++.so.6.0.19
7f3e823d9000-7f3e823e1000 r--p 000e5000 ca:01 8352                       /usr/lib/x86_64-linux-gnu/libstdc++.so.6.0.19
7f3e823e1000-7f3e823e3000 rw-p 000ed000 ca:01 8352                       /usr/lib/x86_64-linux-gnu/libstdc++.so.6.0.19
7f3e823e3000-7f3e823f8000 rw-p 00000000 00:00 0 
7f3e823f8000-7f3e82ff0000 r-xp 00000000 ca:01 142041                     /usr/lib/jvm/java-8-openjdk-amd64/jre/lib/amd64/server/libjvm.so
7f3e82ff0000-7f3e831f0000 ---p 00bf8000 ca:01 142041                     /usr/lib/jvm/java-8-openjdk-amd64/jre/lib/amd64/server/libjvm.so
7f3e831f0000-7f3e8328e000 r--p 00bf8000 ca:01 142041                     /usr/lib/jvm/java-8-openjdk-amd64/jre/lib/amd64/server/libjvm.so
7f3e8328e000-7f3e832b7000 rw-p 00c96000 ca:01 142041                     /usr/lib/jvm/java-8-openjdk-amd64/jre/lib/amd64/server/libjvm.so
7f3e832b7000-7f3e832e9000 rw-p 00000000 00:00 0 
7f3e832e9000-7f3e83302000 r-xp 00000000 ca:01 398400                     /lib/x86_64-linux-gnu/libpthread-2.19.so
7f3e83302000-7f3e83501000 ---p 00019000 ca:01 398400                     /lib/x86_64-linux-gnu/libpthread-2.19.so
7f3e83501000-7f3e83502000 r--p 00018000 ca:01 398400                     /lib/x86_64-linux-gnu/libpthread-2.19.so
7f3e83502000-7f3e83503000 rw-p 00019000 ca:01 398400                     /lib/x86_64-linux-gnu/libpthread-2.19.so
7f3e83503000-7f3e83507000 rw-p 00000000 00:00 0 
7f3e83507000-7f3e8350a000 r-xp 00000000 ca:01 398399                     /lib/x86_64-linux-gnu/libdl-2.19.so
7f3e8350a000-7f3e83709000 ---p 00003000 ca:01 398399                     /lib/x86_64-linux-gnu/libdl-2.19.so
7f3e83709000-7f3e8370a000 r--p 00002000 ca:01 398399                     /lib/x86_64-linux-gnu/libdl-2.19.so
7f3e8370a000-7f3e8370b000 rw-p 00003000 ca:01 398399                     /lib/x86_64-linux-gnu/libdl-2.19.so
7f3e8370b000-7f3e83723000 r-xp 00000000 ca:01 396113                     /lib/x86_64-linux-gnu/libz.so.1.2.8
7f3e83723000-7f3e83922000 ---p 00018000 ca:01 396113                     /lib/x86_64-linux-gnu/libz.so.1.2.8
7f3e83922000-7f3e83923000 r--p 00017000 ca:01 396113                     /lib/x86_64-linux-gnu/libz.so.1.2.8
7f3e83923000-7f3e83924000 rw-p 00018000 ca:01 396113                     /lib/x86_64-linux-gnu/libz.so.1.2.8
7f3e83924000-7f3e83ae2000 r-xp 00000000 ca:01 398309                     /lib/x86_64-linux-gnu/libc-2.19.so
7f3e83ae2000-7f3e83ce1000 ---p 001be000 ca:01 398309                     /lib/x86_64-linux-gnu/libc-2.19.so
7f3e83ce1000-7f3e83ce5000 r--p 001bd000 ca:01 398309                     /lib/x86_64-linux-gnu/libc-2.19.so
7f3e83ce5000-7f3e83ce7000 rw-p 001c1000 ca:01 398309                     /lib/x86_64-linux-gnu/libc-2.19.so
7f3e83ce7000-7f3e83cec000 rw-p 00000000 00:00 0 
7f3e83cec000-7f3e83cf9000 r-xp 00000000 ca:01 142054                     /usr/lib/jvm/java-8-openjdk-amd64/jre/lib/amd64/jli/libjli.so
7f3e83cf9000-7f3e83ef9000 ---p 0000d000 ca:01 142054                     /usr/lib/jvm/java-8-openjdk-amd64/jre/lib/amd64/jli/libjli.so
7f3e83ef9000-7f3e83efa000 r--p 0000d000 ca:01 142054                     /usr/lib/jvm/java-8-openjdk-amd64/jre/lib/amd64/jli/libjli.so
7f3e83efa000-7f3e83efb000 rw-p 0000e000 ca:01 142054                     /usr/lib/jvm/java-8-openjdk-amd64/jre/lib/amd64/jli/libjli.so
7f3e83efb000-7f3e83f1e000 r-xp 00000000 ca:01 398397                     /lib/x86_64-linux-gnu/ld-2.19.so
7f3e84003000-7f3e84006000 ---p 00000000 00:00 0 
7f3e84006000-7f3e84109000 rw-p 00000000 00:00 0                          [stack:31937]
7f3e8410e000-7f3e84111000 rw-p 00000000 00:00 0 
7f3e84111000-7f3e84119000 rw-s 00000000 ca:01 2796                       /tmp/hsperfdata_root/31936
7f3e84119000-7f3e8411a000 rw-p 00000000 00:00 0 
7f3e8411a000-7f3e8411b000 r--p 00000000 00:00 0 
7f3e8411b000-7f3e8411d000 rw-p 00000000 00:00 0 
7f3e8411d000-7f3e8411e000 r--p 00022000 ca:01 398397                     /lib/x86_64-linux-gnu/ld-2.19.so
7f3e8411e000-7f3e8411f000 rw-p 00023000 ca:01 398397                     /lib/x86_64-linux-gnu/ld-2.19.so
7f3e8411f000-7f3e84120000 rw-p 00000000 00:00 0 
7fff3d24c000-7fff3d26d000 rw-p 00000000 00:00 0                          [stack]
7fff3d3c3000-7fff3d3c5000 r-xp 00000000 00:00 0                          [vdso]
ffffffffff600000-ffffffffff601000 r-xp 00000000 00:00 0                  [vsyscall]

VM Arguments:
jvm_args: -Xmx1500M -Xms1024M 
java_command: minecraft_server.1.11.2.jar nogui
java_class_path (initial): minecraft_server.1.11.2.jar
Launcher Type: SUN_STANDARD

Environment Variables:
PATH=/usr/local/sbin:/usr/local/bin:/usr/sbin:/usr/bin:/sbin:/bin:/snap/bin
USERNAME=root
SHELL=/bin/bash

Signal Handlers:
SIGSEGV: [libjvm.so+0x9fddb0], sa_mask[0]=11111111011111111101111111111110, sa_flags=SA_RESTART|SA_SIGINFO
SIGBUS: [libjvm.so+0x9fddb0], sa_mask[0]=11111111011111111101111111111110, sa_flags=SA_RESTART|SA_SIGINFO
SIGFPE: [libjvm.so+0x85be50], sa_mask[0]=11111111011111111101111111111110, sa_flags=SA_RESTART|SA_SIGINFO
SIGPIPE: [libjvm.so+0x85be50], sa_mask[0]=11111111011111111101111111111110, sa_flags=SA_RESTART|SA_SIGINFO
SIGXFSZ: [libjvm.so+0x85be50], sa_mask[0]=11111111011111111101111111111110, sa_flags=SA_RESTART|SA_SIGINFO
SIGILL: [libjvm.so+0x85be50], sa_mask[0]=11111111011111111101111111111110, sa_flags=SA_RESTART|SA_SIGINFO
SIGUSR1: SIG_DFL, sa_mask[0]=00000000000000000000000000000000, sa_flags=none
SIGUSR2: [libjvm.so+0x85bd20], sa_mask[0]=00000000000000000000000000000000, sa_flags=SA_RESTART|SA_SIGINFO
SIGHUP: SIG_DFL, sa_mask[0]=00000000000000000000000000000000, sa_flags=none
SIGINT: SIG_DFL, sa_mask[0]=00000000000000000000000000000000, sa_flags=none
SIGTERM: SIG_DFL, sa_mask[0]=00000000000000000000000000000000, sa_flags=none
SIGQUIT: SIG_DFL, sa_mask[0]=00000000000000000000000000000000, sa_flags=none


---------------  S Y S T E M  ---------------

OS:DISTRIB_ID=Ubuntu
DISTRIB_RELEASE=14.04
DISTRIB_CODENAME=trusty
DISTRIB_DESCRIPTION="Ubuntu 14.04.5 LTS"

uname:Linux 3.13.0-48-generic #80-Ubuntu SMP Thu Mar 12 11:16:15 UTC 2015 x86_64
libc:glibc 2.19 NPTL 2.19 
rlimit: STACK 8192k, CORE 0k, NPROC 7858, NOFILE 4096, AS infinity
load average:0.28 0.29 0.36

/proc/meminfo:
MemTotal:        1016292 kB
MemFree:           64584 kB
Buffers:            6940 kB
Cached:            36156 kB
SwapCached:            0 kB
Active:           863716 kB
Inactive:          28496 kB
Active(anon):     849308 kB
Inactive(anon):     5652 kB
Active(file):      14408 kB
Inactive(file):    22844 kB
Unevictable:           0 kB
Mlocked:               0 kB
SwapTotal:             0 kB
SwapFree:              0 kB
Dirty:               908 kB
Writeback:             0 kB
AnonPages:        849120 kB
Mapped:            21440 kB
Shmem:              5840 kB
Slab:              32368 kB
SReclaimable:      16556 kB
SUnreclaim:        15812 kB
KernelStack:        1440 kB
PageTables:         9920 kB
NFS_Unstable:          0 kB
Bounce:                0 kB
WritebackTmp:          0 kB
CommitLimit:      508144 kB
Committed_AS:    1818360 kB
VmallocTotal:   34359738367 kB
VmallocUsed:        4904 kB
VmallocChunk:   34359728628 kB
HardwareCorrupted:     0 kB
AnonHugePages:    501760 kB
HugePages_Total:       0
HugePages_Free:        0
HugePages_Rsvd:        0
HugePages_Surp:        0
Hugepagesize:       2048 kB
DirectMap4k:       43008 kB
DirectMap2M:     1136640 kB


CPU:total 1 (1 cores per cpu, 1 threads per core) family 6 model 62 stepping 4, cmov, cx8, fxsr, mmx, sse, sse2, sse3, ssse3, sse4.1, sse4.2, popcnt, avx, aes, clmul, erms, tsc

/proc/cpuinfo:
processor	: 0
vendor_id	: GenuineIntel
cpu family	: 6
model		: 62
model name	: Intel(R) Xeon(R) CPU E5-2670 v2 @ 2.50GHz
stepping	: 4
microcode	: 0x416
cpu MHz		: 2500.080
cache size	: 25600 KB
physical id	: 0
siblings	: 1
core id		: 0
cpu cores	: 1
apicid		: 0
initial apicid	: 0
fpu		: yes
fpu_exception	: yes
cpuid level	: 13
wp		: yes
flags		: fpu vme de pse tsc msr pae mce cx8 apic sep mtrr pge mca cmov pat pse36 clflush mmx fxsr sse sse2 ht syscall nx rdtscp lm constant_tsc rep_good nopl xtopology eagerfpu pni pclmulqdq ssse3 cx16 pcid sse4_1 sse4_2 x2apic popcnt tsc_deadline_timer aes xsave avx f16c rdrand hypervisor lahf_lm xsaveopt fsgsbase smep erms
bogomips	: 5000.16
clflush size	: 64
cache_alignment	: 64
address sizes	: 46 bits physical, 48 bits virtual
power management:



Memory: 4k page, physical 1016292k(64584k free), swap 0k(0k free)

vm_info: OpenJDK 64-Bit Server VM (25.111-b14) for linux-amd64 JRE (1.8.0_111-8u111-b14-3~14.04.1-b14), built on Nov  5 2016 13:21:07 by "buildd" with gcc 4.8.4

time: Mon May 29 21:24:42 2017
elapsed time: 0 seconds (0d 0h 0m 0s)

